<?xml version="1.0" encoding="UTF-8"?>
<!-- Generated by org.testng.reporters.JUnitReportReporter -->
<testsuite hostname="DESKTOP-MSN7N8U" failures="0" tests="4" name="com.qa.practice.testcases.DashBoardTest" time="34.638" errors="0" timestamp="2022-09-07T13:40:08 EDT" skipped="0">
  <testcase classname="com.qa.practice.testcases.DashBoardTest" name="dashFundTest" time="8.685"/>
  <system-out/>
  <testcase classname="com.qa.practice.testcases.DashBoardTest" name="dashMyProfileTest" time="8.200"/>
  <system-out/>
  <testcase classname="com.qa.practice.testcases.DashBoardTest" name="LogOutButtonTest" time="8.240"/>
  <system-out/>
  <testcase classname="com.qa.practice.testcases.DashBoardTest" name="dashMyBookingTest" time="9.513"/>
  <system-out/>
</testsuite> <!-- com.qa.practice.testcases.DashBoardTest -->
