<?xml version="1.0" encoding="UTF-8"?>
<!-- Generated by org.testng.reporters.JUnitReportReporter -->
<testsuite hostname="DESKTOP-MSN7N8U" failures="0" tests="1" name="com.qa.practice.testcases.DashBoardTest" time="8.954" errors="0" timestamp="2022-09-06T23:48:33 EDT" skipped="0">
  <testcase classname="com.qa.practice.testcases.DashBoardTest" name="dashBoardWalletTest" time="8.954"/>
  <system-out/>
</testsuite> <!-- com.qa.practice.testcases.DashBoardTest -->
