<?xml version="1.0" encoding="UTF-8"?>
<!-- Generated by org.testng.reporters.JUnitReportReporter -->
<testsuite hostname="DESKTOP-MSN7N8U" failures="0" tests="3" name="com.qa.practice.testcases.LoginPageTest" time="10.519" errors="0" timestamp="2022-09-07T12:58:57 EDT" skipped="0">
  <testcase classname="com.qa.practice.testcases.LoginPageTest" name="validLoginAfterTest" time="5.010"/>
  <system-out/>
  <testcase classname="com.qa.practice.testcases.LoginPageTest" name="phpLogoTest" time="2.258"/>
  <system-out/>
  <testcase classname="com.qa.practice.testcases.LoginPageTest" name="paymentLogoTest" time="3.251"/>
  <system-out/>
</testsuite> <!-- com.qa.practice.testcases.LoginPageTest -->
