<?xml version="1.0" encoding="UTF-8"?>
<!-- Generated by org.testng.reporters.JUnitReportReporter -->
<testsuite hostname="DESKTOP-MSN7N8U" failures="0" tests="3" name="com.qa.practice.testcases.LoginPageTest" time="10.403" errors="0" timestamp="2022-09-06T23:49:26 EDT" skipped="0">
  <testcase classname="com.qa.practice.testcases.LoginPageTest" name="validLoginAfterTest" time="5.087"/>
  <system-out/>
  <testcase classname="com.qa.practice.testcases.LoginPageTest" name="phpLogoTest" time="2.131"/>
  <system-out/>
  <testcase classname="com.qa.practice.testcases.LoginPageTest" name="paymentLogoTest" time="3.185"/>
  <system-out/>
</testsuite> <!-- com.qa.practice.testcases.LoginPageTest -->
